[TraceId: ] 2024-11-30 18:36:20.781 [main] INFO  com.slilio.weblog.web.WeblogWebApplication - Starting WeblogWebApplication using Java 1.8.0_431 on DESKTOP-23HF00P with PID 7252 (F:\GitHub\Java-github\weblog\weblog-springboot\weblog-web\target\classes started by 北行 in F:\GitHub\Java-github\weblog\weblog-springboot)
[TraceId: ] 2024-11-30 18:36:20.782 [main] INFO  com.slilio.weblog.web.WeblogWebApplication - The following profiles are active: prod
[TraceId: ] 2024-11-30 18:36:21.275 [main] INFO  o.s.boot.web.embedded.tomcat.TomcatWebServer - Tomcat initialized with port(s): 8888 (http)
[TraceId: ] 2024-11-30 18:36:21.285 [main] INFO  org.apache.catalina.core.StandardService - Starting service [Tomcat]
[TraceId: ] 2024-11-30 18:36:21.286 [main] INFO  org.apache.catalina.core.StandardEngine - Starting Servlet engine: [Apache Tomcat/9.0.56]
[TraceId: ] 2024-11-30 18:36:21.326 [main] INFO  o.a.c.core.ContainerBase.[Tomcat].[localhost].[/] - Initializing Spring embedded WebApplicationContext
[TraceId: ] 2024-11-30 18:36:21.326 [main] INFO  o.s.b.w.s.c.ServletWebServerApplicationContext - Root WebApplicationContext: initialization completed in 517 ms
[TraceId: ] 2024-11-30 18:36:21.547 [main] INFO  o.s.boot.web.embedded.tomcat.TomcatWebServer - Tomcat started on port(s): 8888 (http) with context path ''
[TraceId: ] 2024-11-30 18:36:21.551 [main] INFO  com.slilio.weblog.web.WeblogWebApplication - Started WeblogWebApplication in 1.041 seconds (JVM running for 1.643)
[TraceId: ] 2024-11-30 18:36:26.768 [http-nio-8888-exec-1] INFO  o.a.c.core.ContainerBase.[Tomcat].[localhost].[/] - Initializing Spring DispatcherServlet 'dispatcherServlet'
[TraceId: ] 2024-11-30 18:36:26.768 [http-nio-8888-exec-1] INFO  org.springframework.web.servlet.DispatcherServlet - Initializing Servlet 'dispatcherServlet'
[TraceId: ] 2024-11-30 18:36:26.769 [http-nio-8888-exec-1] INFO  org.springframework.web.servlet.DispatcherServlet - Completed initialization in 1 ms
[TraceId: 1e18bc60-d4d3-4914-9f1a-0927886ba3df] 2024-11-30 18:36:26.909 [http-nio-8888-exec-1] INFO  c.s.weblog.common.aspect.ApiOperationLogAspect - ====== 请求开始: [测试接口], 入参: {"username":null,"sex":99}, 请求类: TestController, 请求方法: test =================================== 
[TraceId: 1e18bc60-d4d3-4914-9f1a-0927886ba3df] 2024-11-30 18:36:26.929 [http-nio-8888-exec-1] INFO  c.s.weblog.common.aspect.ApiOperationLogAspect - ====== 请求结束: [测试接口], 耗时: 30ms, 出参: {"username":null,"sex":99} ===================================
[TraceId: 40fc9be4-ee28-4cd6-b719-0b9d684db5b1] 2024-11-30 18:36:44.108 [http-nio-8888-exec-2] INFO  c.s.weblog.common.aspect.ApiOperationLogAspect - ====== 请求开始: [测试接口], 入参: {"username":null,"sex":99}, 请求类: TestController, 请求方法: test =================================== 
[TraceId: 40fc9be4-ee28-4cd6-b719-0b9d684db5b1] 2024-11-30 18:36:44.109 [http-nio-8888-exec-2] INFO  c.s.weblog.common.aspect.ApiOperationLogAspect - ====== 请求结束: [测试接口], 耗时: 1ms, 出参: {"username":null,"sex":99} ===================================
[TraceId: ] 2024-11-30 18:37:40.236 [main] INFO  com.slilio.weblog.web.WeblogWebApplication - Starting WeblogWebApplication using Java 1.8.0_431 on DESKTOP-23HF00P with PID 28976 (F:\GitHub\Java-github\weblog\weblog-springboot\weblog-web\target\classes started by 北行 in F:\GitHub\Java-github\weblog\weblog-springboot)
[TraceId: ] 2024-11-30 18:37:40.238 [main] INFO  com.slilio.weblog.web.WeblogWebApplication - The following profiles are active: prod
[TraceId: ] 2024-11-30 18:37:40.731 [main] INFO  o.s.boot.web.embedded.tomcat.TomcatWebServer - Tomcat initialized with port(s): 8888 (http)
[TraceId: ] 2024-11-30 18:37:40.736 [main] INFO  org.apache.catalina.core.StandardService - Starting service [Tomcat]
[TraceId: ] 2024-11-30 18:37:40.736 [main] INFO  org.apache.catalina.core.StandardEngine - Starting Servlet engine: [Apache Tomcat/9.0.56]
[TraceId: ] 2024-11-30 18:37:40.776 [main] INFO  o.a.c.core.ContainerBase.[Tomcat].[localhost].[/] - Initializing Spring embedded WebApplicationContext
[TraceId: ] 2024-11-30 18:37:40.776 [main] INFO  o.s.b.w.s.c.ServletWebServerApplicationContext - Root WebApplicationContext: initialization completed in 515 ms
[TraceId: ] 2024-11-30 18:37:40.973 [main] INFO  o.s.boot.web.embedded.tomcat.TomcatWebServer - Tomcat started on port(s): 8888 (http) with context path ''
[TraceId: ] 2024-11-30 18:37:40.977 [main] INFO  com.slilio.weblog.web.WeblogWebApplication - Started WeblogWebApplication in 1.007 seconds (JVM running for 1.639)
[TraceId: ] 2024-11-30 18:37:46.738 [http-nio-8888-exec-1] INFO  o.a.c.core.ContainerBase.[Tomcat].[localhost].[/] - Initializing Spring DispatcherServlet 'dispatcherServlet'
[TraceId: ] 2024-11-30 18:37:46.739 [http-nio-8888-exec-1] INFO  org.springframework.web.servlet.DispatcherServlet - Initializing Servlet 'dispatcherServlet'
[TraceId: ] 2024-11-30 18:37:46.740 [http-nio-8888-exec-1] INFO  org.springframework.web.servlet.DispatcherServlet - Completed initialization in 1 ms
[TraceId: 964ced52-04a3-46d4-8645-3f1bf0cfe58b] 2024-11-30 18:37:46.884 [http-nio-8888-exec-1] INFO  c.s.weblog.common.aspect.ApiOperationLogAspect - ====== 请求开始: [测试接口], 入参: {"username":null,"sex":99}, 请求类: TestController, 请求方法: test =================================== 
[TraceId: 964ced52-04a3-46d4-8645-3f1bf0cfe58b] 2024-11-30 18:37:46.901 [http-nio-8888-exec-1] INFO  c.s.weblog.common.aspect.ApiOperationLogAspect - ====== 请求结束: [测试接口], 耗时: 37ms, 出参: {"username":null,"sex":99} ===================================
[TraceId: 1a4258e0-4871-4cda-a699-32d27a150c8d] 2024-11-30 18:37:47.669 [http-nio-8888-exec-2] INFO  c.s.weblog.common.aspect.ApiOperationLogAspect - ====== 请求开始: [测试接口], 入参: {"username":null,"sex":99}, 请求类: TestController, 请求方法: test =================================== 
[TraceId: 1a4258e0-4871-4cda-a699-32d27a150c8d] 2024-11-30 18:37:47.669 [http-nio-8888-exec-2] INFO  c.s.weblog.common.aspect.ApiOperationLogAspect - ====== 请求结束: [测试接口], 耗时: 1ms, 出参: {"username":null,"sex":99} ===================================
[TraceId: 92f4f1c4-466c-4b4f-9702-12684a287100] 2024-11-30 18:37:48.360 [http-nio-8888-exec-3] INFO  c.s.weblog.common.aspect.ApiOperationLogAspect - ====== 请求开始: [测试接口], 入参: {"username":null,"sex":99}, 请求类: TestController, 请求方法: test =================================== 
[TraceId: 92f4f1c4-466c-4b4f-9702-12684a287100] 2024-11-30 18:37:48.360 [http-nio-8888-exec-3] INFO  c.s.weblog.common.aspect.ApiOperationLogAspect - ====== 请求结束: [测试接口], 耗时: 0ms, 出参: {"username":null,"sex":99} ===================================
[TraceId: ] 2024-11-30 18:38:31.176 [main] INFO  com.slilio.weblog.web.WeblogWebApplication - Starting WeblogWebApplication using Java 1.8.0_431 on DESKTOP-23HF00P with PID 10248 (F:\GitHub\Java-github\weblog\weblog-springboot\weblog-web\target\classes started by 北行 in F:\GitHub\Java-github\weblog\weblog-springboot)
[TraceId: ] 2024-11-30 18:38:31.177 [main] INFO  com.slilio.weblog.web.WeblogWebApplication - The following profiles are active: prod
[TraceId: ] 2024-11-30 18:38:31.665 [main] INFO  o.s.boot.web.embedded.tomcat.TomcatWebServer - Tomcat initialized with port(s): 8888 (http)
[TraceId: ] 2024-11-30 18:38:31.670 [main] INFO  org.apache.catalina.core.StandardService - Starting service [Tomcat]
[TraceId: ] 2024-11-30 18:38:31.670 [main] INFO  org.apache.catalina.core.StandardEngine - Starting Servlet engine: [Apache Tomcat/9.0.56]
[TraceId: ] 2024-11-30 18:38:31.712 [main] INFO  o.a.c.core.ContainerBase.[Tomcat].[localhost].[/] - Initializing Spring embedded WebApplicationContext
[TraceId: ] 2024-11-30 18:38:31.712 [main] INFO  o.s.b.w.s.c.ServletWebServerApplicationContext - Root WebApplicationContext: initialization completed in 503 ms
[TraceId: ] 2024-11-30 18:38:31.926 [main] INFO  o.s.boot.web.embedded.tomcat.TomcatWebServer - Tomcat started on port(s): 8888 (http) with context path ''
[TraceId: ] 2024-11-30 18:38:31.930 [main] INFO  com.slilio.weblog.web.WeblogWebApplication - Started WeblogWebApplication in 1.015 seconds (JVM running for 1.628)
[TraceId: ] 2024-11-30 18:38:35.116 [http-nio-8888-exec-1] INFO  o.a.c.core.ContainerBase.[Tomcat].[localhost].[/] - Initializing Spring DispatcherServlet 'dispatcherServlet'
[TraceId: ] 2024-11-30 18:38:35.117 [http-nio-8888-exec-1] INFO  org.springframework.web.servlet.DispatcherServlet - Initializing Servlet 'dispatcherServlet'
[TraceId: ] 2024-11-30 18:38:35.118 [http-nio-8888-exec-1] INFO  org.springframework.web.servlet.DispatcherServlet - Completed initialization in 1 ms
[TraceId: b2d242bf-8b11-4540-b589-a8b453a4360a] 2024-11-30 18:38:35.260 [http-nio-8888-exec-1] INFO  c.s.weblog.common.aspect.ApiOperationLogAspect - ====== 请求开始: [测试接口], 入参: {"username":null,"sex":99}, 请求类: TestController, 请求方法: test =================================== 
[TraceId: b2d242bf-8b11-4540-b589-a8b453a4360a] 2024-11-30 18:38:35.281 [http-nio-8888-exec-1] INFO  c.s.weblog.common.aspect.ApiOperationLogAspect - ====== 请求结束: [测试接口], 耗时: 48ms, 出参: {"username":null,"sex":99} ===================================
[TraceId: ] 2024-11-30 21:22:23.437 [main] INFO  com.slilio.weblog.web.WeblogWebApplication - Starting WeblogWebApplication using Java 1.8.0_431 on DESKTOP-23HF00P with PID 23924 (F:\GitHub\Java-github\weblog\weblog-springboot\weblog-web\target\classes started by 北行 in F:\GitHub\Java-github\weblog\weblog-springboot)
[TraceId: ] 2024-11-30 21:22:23.438 [main] INFO  com.slilio.weblog.web.WeblogWebApplication - The following profiles are active: prod
[TraceId: ] 2024-11-30 21:22:24.134 [main] INFO  o.s.boot.web.embedded.tomcat.TomcatWebServer - Tomcat initialized with port(s): 8888 (http)
[TraceId: ] 2024-11-30 21:22:24.143 [main] INFO  org.apache.catalina.core.StandardService - Starting service [Tomcat]
[TraceId: ] 2024-11-30 21:22:24.143 [main] INFO  org.apache.catalina.core.StandardEngine - Starting Servlet engine: [Apache Tomcat/9.0.56]
[TraceId: ] 2024-11-30 21:22:24.192 [main] INFO  o.a.c.core.ContainerBase.[Tomcat].[localhost].[/] - Initializing Spring embedded WebApplicationContext
[TraceId: ] 2024-11-30 21:22:24.192 [main] INFO  o.s.b.w.s.c.ServletWebServerApplicationContext - Root WebApplicationContext: initialization completed in 722 ms
[TraceId: ] 2024-11-30 21:22:24.453 [main] INFO  o.s.boot.web.embedded.tomcat.TomcatWebServer - Tomcat started on port(s): 8888 (http) with context path ''
[TraceId: ] 2024-11-30 21:22:24.458 [main] INFO  com.slilio.weblog.web.WeblogWebApplication - Started WeblogWebApplication in 1.353 seconds (JVM running for 2.04)
[TraceId: ] 2024-11-30 21:22:27.756 [http-nio-8888-exec-1] INFO  o.a.c.core.ContainerBase.[Tomcat].[localhost].[/] - Initializing Spring DispatcherServlet 'dispatcherServlet'
[TraceId: ] 2024-11-30 21:22:27.756 [http-nio-8888-exec-1] INFO  org.springframework.web.servlet.DispatcherServlet - Initializing Servlet 'dispatcherServlet'
[TraceId: ] 2024-11-30 21:22:27.757 [http-nio-8888-exec-1] INFO  org.springframework.web.servlet.DispatcherServlet - Completed initialization in 1 ms
[TraceId: fb038065-b7b0-4de6-b9bc-c7c3ee2e08ff] 2024-11-30 21:22:28.086 [http-nio-8888-exec-1] INFO  c.s.weblog.common.aspect.ApiOperationLogAspect - ====== 请求开始: [测试接口], 入参: {"username":"犬小哈","sex":1,"age":32,"email":"123124@qq.com"}, org.springframework.validation.BeanPropertyBindingResult: 0 errors, 请求类: TestController, 请求方法: test =================================== 
[TraceId: fb038065-b7b0-4de6-b9bc-c7c3ee2e08ff] 2024-11-30 21:22:28.119 [http-nio-8888-exec-1] INFO  c.s.weblog.common.aspect.ApiOperationLogAspect - ====== 请求结束: [测试接口], 耗时: 73ms, 出参: {"headers":{},"body":"参数没有问题","statusCode":"OK","statusCodeValue":200} ===================================
[TraceId: 046db045-44d3-44eb-98d7-29ce7cd1f6f3] 2024-11-30 21:22:38.085 [http-nio-8888-exec-2] INFO  c.s.weblog.common.aspect.ApiOperationLogAspect - ====== 请求开始: [测试接口], 入参: {"username":"犬小哈","sex":1,"age":32,"email":"123124qq.com"}, org.springframework.validation.BeanPropertyBindingResult: 1 errors
Field error in object 'user' on field 'email': rejected value [123124qq.com]; codes [Email.user.email,Email.email,Email.java.lang.String,Email]; arguments [org.springframework.context.support.DefaultMessageSourceResolvable: codes [user.email,email]; arguments []; default message [email],[Ljavax.validation.constraints.Pattern$Flag;@c6ee91,.*]; default message [邮箱格式不正确], 请求类: TestController, 请求方法: test =================================== 
[TraceId: 046db045-44d3-44eb-98d7-29ce7cd1f6f3] 2024-11-30 21:22:38.086 [http-nio-8888-exec-2] INFO  c.s.weblog.common.aspect.ApiOperationLogAspect - ====== 请求结束: [测试接口], 耗时: 2ms, 出参: {"headers":{},"body":"邮箱格式不正确","statusCode":"BAD_REQUEST","statusCodeValue":400} ===================================
